Determining if the pthread_create exist failed with the following output:
Change Dir: /home/abdelrahman/AucRobotics/Day4/TaskWS/build/CMakeFiles/CMakeTmp

Run Build Command:"/usr/bin/make" "cmTC_539cc/fast"
/usr/bin/make -f CMakeFiles/cmTC_539cc.dir/build.make CMakeFiles/cmTC_539cc.dir/build
make[1]: Entering directory '/home/abdelrahman/AucRobotics/Day4/TaskWS/build/CMakeFiles/CMakeTmp'
Building C object CMakeFiles/cmTC_539cc.dir/CheckSymbolExists.c.o
/usr/bin/cc    -o CMakeFiles/cmTC_539cc.dir/CheckSymbolExists.c.o   -c /home/abdelrahman/AucRobotics/Day4/TaskWS/build/CMakeFiles/CMakeTmp/CheckSymbolExists.c
Linking C executable cmTC_539cc
/usr/bin/cmake -E cmake_link_script CMakeFiles/cmTC_539cc.dir/link.txt --verbose=1
/usr/bin/cc      -rdynamic CMakeFiles/cmTC_539cc.dir/CheckSymbolExists.c.o  -o cmTC_539cc 
CMakeFiles/cmTC_539cc.dir/CheckSymbolExists.c.o: In function `main':
CheckSymbolExists.c:(.text+0x1b): undefined reference to `pthread_create'
collect2: error: ld returned 1 exit status
CMakeFiles/cmTC_539cc.dir/build.make:97: recipe for target 'cmTC_539cc' failed
make[1]: *** [cmTC_539cc] Error 1
make[1]: Leaving directory '/home/abdelrahman/AucRobotics/Day4/TaskWS/build/CMakeFiles/CMakeTmp'
Makefile:126: recipe for target 'cmTC_539cc/fast' failed
make: *** [cmTC_539cc/fast] Error 2

File /home/abdelrahman/AucRobotics/Day4/TaskWS/build/CMakeFiles/CMakeTmp/CheckSymbolExists.c:
/* */
#include <pthread.h>

int main(int argc, char** argv)
{
  (void)argv;
#ifndef pthread_create
  return ((int*)(&pthread_create))[argc];
#else
  (void)argc;
  return 0;
#endif
}

Determining if the function pthread_create exists in the pthreads failed with the following output:
Change Dir: /home/abdelrahman/AucRobotics/Day4/TaskWS/build/CMakeFiles/CMakeTmp

Run Build Command:"/usr/bin/make" "cmTC_91a8a/fast"
/usr/bin/make -f CMakeFiles/cmTC_91a8a.dir/build.make CMakeFiles/cmTC_91a8a.dir/build
make[1]: Entering directory '/home/abdelrahman/AucRobotics/Day4/TaskWS/build/CMakeFiles/CMakeTmp'
Building C object CMakeFiles/cmTC_91a8a.dir/CheckFunctionExists.c.o
/usr/bin/cc   -DCHECK_FUNCTION_EXISTS=pthread_create   -o CMakeFiles/cmTC_91a8a.dir/CheckFunctionExists.c.o   -c /usr/share/cmake-3.10/Modules/CheckFunctionExists.c
Linking C executable cmTC_91a8a
/usr/bin/cmake -E cmake_link_script CMakeFiles/cmTC_91a8a.dir/link.txt --verbose=1
/usr/bin/cc  -DCHECK_FUNCTION_EXISTS=pthread_create    -rdynamic CMakeFiles/cmTC_91a8a.dir/CheckFunctionExists.c.o  -o cmTC_91a8a -lpthreads 
/usr/bin/ld: cannot find -lpthreads
collect2: error: ld returned 1 exit status
CMakeFiles/cmTC_91a8a.dir/build.make:97: recipe for target 'cmTC_91a8a' failed
make[1]: *** [cmTC_91a8a] Error 1
make[1]: Leaving directory '/home/abdelrahman/AucRobotics/Day4/TaskWS/build/CMakeFiles/CMakeTmp'
Makefile:126: recipe for target 'cmTC_91a8a/fast' failed
make: *** [cmTC_91a8a/fast] Error 2


