Determining if the pthread_create exist failed with the following output:
Change Dir: /home/abdelrahman/AucRobotics/book/agitrWS/build/CMakeFiles/CMakeTmp

Run Build Command:"/usr/bin/make" "cmTC_f3045/fast"
/usr/bin/make -f CMakeFiles/cmTC_f3045.dir/build.make CMakeFiles/cmTC_f3045.dir/build
make[1]: Entering directory '/home/abdelrahman/AucRobotics/book/agitrWS/build/CMakeFiles/CMakeTmp'
Building C object CMakeFiles/cmTC_f3045.dir/CheckSymbolExists.c.o
/usr/bin/cc    -o CMakeFiles/cmTC_f3045.dir/CheckSymbolExists.c.o   -c /home/abdelrahman/AucRobotics/book/agitrWS/build/CMakeFiles/CMakeTmp/CheckSymbolExists.c
Linking C executable cmTC_f3045
/usr/bin/cmake -E cmake_link_script CMakeFiles/cmTC_f3045.dir/link.txt --verbose=1
/usr/bin/cc      -rdynamic CMakeFiles/cmTC_f3045.dir/CheckSymbolExists.c.o  -o cmTC_f3045 
CMakeFiles/cmTC_f3045.dir/CheckSymbolExists.c.o: In function `main':
CheckSymbolExists.c:(.text+0x1b): undefined reference to `pthread_create'
collect2: error: ld returned 1 exit status
CMakeFiles/cmTC_f3045.dir/build.make:97: recipe for target 'cmTC_f3045' failed
make[1]: *** [cmTC_f3045] Error 1
make[1]: Leaving directory '/home/abdelrahman/AucRobotics/book/agitrWS/build/CMakeFiles/CMakeTmp'
Makefile:126: recipe for target 'cmTC_f3045/fast' failed
make: *** [cmTC_f3045/fast] Error 2

File /home/abdelrahman/AucRobotics/book/agitrWS/build/CMakeFiles/CMakeTmp/CheckSymbolExists.c:
/* */
#include <pthread.h>

int main(int argc, char** argv)
{
  (void)argv;
#ifndef pthread_create
  return ((int*)(&pthread_create))[argc];
#else
  (void)argc;
  return 0;
#endif
}

Determining if the function pthread_create exists in the pthreads failed with the following output:
Change Dir: /home/abdelrahman/AucRobotics/book/agitrWS/build/CMakeFiles/CMakeTmp

Run Build Command:"/usr/bin/make" "cmTC_59b5f/fast"
/usr/bin/make -f CMakeFiles/cmTC_59b5f.dir/build.make CMakeFiles/cmTC_59b5f.dir/build
make[1]: Entering directory '/home/abdelrahman/AucRobotics/book/agitrWS/build/CMakeFiles/CMakeTmp'
Building C object CMakeFiles/cmTC_59b5f.dir/CheckFunctionExists.c.o
/usr/bin/cc   -DCHECK_FUNCTION_EXISTS=pthread_create   -o CMakeFiles/cmTC_59b5f.dir/CheckFunctionExists.c.o   -c /usr/share/cmake-3.10/Modules/CheckFunctionExists.c
Linking C executable cmTC_59b5f
/usr/bin/cmake -E cmake_link_script CMakeFiles/cmTC_59b5f.dir/link.txt --verbose=1
/usr/bin/cc  -DCHECK_FUNCTION_EXISTS=pthread_create    -rdynamic CMakeFiles/cmTC_59b5f.dir/CheckFunctionExists.c.o  -o cmTC_59b5f -lpthreads 
/usr/bin/ld: cannot find -lpthreads
collect2: error: ld returned 1 exit status
CMakeFiles/cmTC_59b5f.dir/build.make:97: recipe for target 'cmTC_59b5f' failed
make[1]: *** [cmTC_59b5f] Error 1
make[1]: Leaving directory '/home/abdelrahman/AucRobotics/book/agitrWS/build/CMakeFiles/CMakeTmp'
Makefile:126: recipe for target 'cmTC_59b5f/fast' failed
make: *** [cmTC_59b5f/fast] Error 2


